<?xml version="1.0" encoding="UTF-8"?>
<!-- Generated by org.testng.reporters.JUnitReportReporter -->
<testsuite skipped="0" hostname="Qualitrix-E4802" name="com.vodafoneidea.mva.test.TestVer" tests="1" failures="0" timestamp="04 Dec 2018 10:10:48 GMT" time="0.029" errors="0">
  <testcase name="FirstTest" time="0.029" classname="com.vodafoneidea.mva.test.TestVer"/>
</testsuite> <!-- com.vodafoneidea.mva.test.TestVer -->
